<?xml version="1.0" encoding="UTF-8"?>
<testng-results ignored="0" total="1" passed="1" failed="0" skipped="0">
  <reporter-output>
  </reporter-output>
  <suite started-at="2020-04-02T01:27:05 IST" name="Default suite" finished-at="2020-04-02T01:27:07 IST" duration-ms="2519">
    <groups>
    </groups>
    <test started-at="2020-04-02T01:27:05 IST" name="Default test" finished-at="2020-04-02T01:27:07 IST" duration-ms="2519">
      <class name="ServiceDemo.ServiceAutomation.Employee">
        <test-method signature="getEmployees()[pri:0, instance:ServiceDemo.ServiceAutomation.Employee@8317c52]" started-at="2020-04-02T01:27:05 IST" name="getEmployees" finished-at="2020-04-02T01:27:07 IST" duration-ms="2496" status="PASS">
          <reporter-output>
          </reporter-output>
        </test-method> <!-- getEmployees -->
      </class> <!-- ServiceDemo.ServiceAutomation.Employee -->
    </test> <!-- Default test -->
  </suite> <!-- Default suite -->
</testng-results>
